WARNING: Environment variable PYTHONPATH already has value [/home/norman/ml-tau-en-reg], will not forward new value [/cvmfs/grid.cern.ch/centos7-umd4-ui-4.0.3-1_191004/usr/lib64/python2.7/site-packages:/cvmfs/grid.cern.ch/centos7-umd4-ui-4.0.3-1_191004/usr/lib/python2.7/site-packages:/cvmfs/grid.cern.ch/centos7-umd4-ui-4.0.3-1_191004/usr/lib64/python2.7/site-packages:/cvmfs/grid.cern.ch/centos7-umd4-ui-4.0.3-1_191004/usr/lib/python2.7/site-packages] from parent process environment
INFO:    underlay of /usr/bin/nvidia-persistenced required more than 50 (540) bind mounts
2024-05-09 11:59:59.194877: I tensorflow/core/util/port.cc:113] oneDNN custom operations are on. You may see slightly different numerical results due to floating-point round-off errors from different computation orders. To turn them off, set the environment variable `TF_ENABLE_ONEDNN_OPTS=0`.
2024-05-09 11:59:59.980937: E external/local_xla/xla/stream_executor/cuda/cuda_dnn.cc:9261] Unable to register cuDNN factory: Attempting to register factory for plugin cuDNN when one has already been registered
2024-05-09 11:59:59.981165: E external/local_xla/xla/stream_executor/cuda/cuda_fft.cc:607] Unable to register cuFFT factory: Attempting to register factory for plugin cuFFT when one has already been registered
2024-05-09 12:00:00.142901: E external/local_xla/xla/stream_executor/cuda/cuda_blas.cc:1515] Unable to register cuBLAS factory: Attempting to register factory for plugin cuBLAS when one has already been registered
2024-05-09 12:00:00.442906: I tensorflow/core/platform/cpu_feature_guard.cc:182] This TensorFlow binary is optimized to use available CPU instructions in performance-critical operations.
To enable the following instructions: AVX2 AVX512F AVX512_VNNI FMA, in other operations, rebuild TensorFlow with the appropriate compiler flags.
2024-05-09 12:00:01.925603: W tensorflow/compiler/tf2tensorrt/utils/py_utils.cc:38] TF-TRT Warning: Could not find TensorRT
<trainLorentzNet>:
[1/10] Loading from /home/laurits/ENREG/ntuples/20240402_full_stats/ZH_Htautau/reco_p8_ee_ZH_Htautau_ecm380_200254.parquet
[2/10] Loading from /home/laurits/ENREG/ntuples/20240402_full_stats/ZH_Htautau/reco_p8_ee_ZH_Htautau_ecm380_203213.parquet
[3/10] Loading from /home/laurits/ENREG/ntuples/20240402_full_stats/ZH_Htautau/reco_p8_ee_ZH_Htautau_ecm380_204507.parquet
[4/10] Loading from /home/laurits/ENREG/ntuples/20240402_full_stats/ZH_Htautau/reco_p8_ee_ZH_Htautau_ecm380_201924.parquet
[5/10] Loading from /home/laurits/ENREG/ntuples/20240402_full_stats/ZH_Htautau/reco_p8_ee_ZH_Htautau_ecm380_201761.parquet
[6/10] Loading from /home/laurits/ENREG/ntuples/20240402_full_stats/ZH_Htautau/reco_p8_ee_ZH_Htautau_ecm380_203635.parquet
[7/10] Loading from /home/laurits/ENREG/ntuples/20240402_full_stats/ZH_Htautau/reco_p8_ee_ZH_Htautau_ecm380_203654.parquet
[8/10] Loading from /home/laurits/ENREG/ntuples/20240402_full_stats/ZH_Htautau/reco_p8_ee_ZH_Htautau_ecm380_202316.parquet
[9/10] Loading from /home/laurits/ENREG/ntuples/20240402_full_stats/ZH_Htautau/reco_p8_ee_ZH_Htautau_ecm380_200414.parquet
[10/10] Loading from /home/laurits/ENREG/ntuples/20240402_full_stats/ZH_Htautau/reco_p8_ee_ZH_Htautau_ecm380_200501.parquet
Input data loaded
[1/10] Loading from /home/laurits/ENREG/ntuples/20240402_full_stats/ZH_Htautau/reco_p8_ee_ZH_Htautau_ecm380_200172.parquet
[2/10] Loading from /home/laurits/ENREG/ntuples/20240402_full_stats/ZH_Htautau/reco_p8_ee_ZH_Htautau_ecm380_203807.parquet
[3/10] Loading from /home/laurits/ENREG/ntuples/20240402_full_stats/ZH_Htautau/reco_p8_ee_ZH_Htautau_ecm380_203035.parquet
[4/10] Loading from /home/laurits/ENREG/ntuples/20240402_full_stats/ZH_Htautau/reco_p8_ee_ZH_Htautau_ecm380_204998.parquet
[5/10] Loading from /home/laurits/ENREG/ntuples/20240402_full_stats/ZH_Htautau/reco_p8_ee_ZH_Htautau_ecm380_201461.parquet
[6/10] Loading from /home/laurits/ENREG/ntuples/20240402_full_stats/ZH_Htautau/reco_p8_ee_ZH_Htautau_ecm380_202350.parquet
[7/10] Loading from /home/laurits/ENREG/ntuples/20240402_full_stats/ZH_Htautau/reco_p8_ee_ZH_Htautau_ecm380_204160.parquet
[8/10] Loading from /home/laurits/ENREG/ntuples/20240402_full_stats/ZH_Htautau/reco_p8_ee_ZH_Htautau_ecm380_204086.parquet
[9/10] Loading from /home/laurits/ENREG/ntuples/20240402_full_stats/ZH_Htautau/reco_p8_ee_ZH_Htautau_ecm380_204233.parquet
[10/10] Loading from /home/laurits/ENREG/ntuples/20240402_full_stats/ZH_Htautau/reco_p8_ee_ZH_Htautau_ecm380_201765.parquet
Input data loaded
Using device: cuda
Building model...
Finished building model:
LorentzNet(
  (embedding): Linear(in_features=7, out_features=72, bias=True)
  (LGEBs): ModuleList(
    (0-4): 5 x LGEB(
      (phi_e): Sequential(
        (0): Linear(in_features=146, out_features=72, bias=False)
        (1): BatchNorm1d(72, eps=1e-05, momentum=0.1, affine=True, track_running_stats=True)
        (2): ReLU()
        (3): Linear(in_features=72, out_features=72, bias=True)
        (4): ReLU()
      )
      (phi_h): Sequential(
        (0): Linear(in_features=151, out_features=72, bias=True)
        (1): BatchNorm1d(72, eps=1e-05, momentum=0.1, affine=True, track_running_stats=True)
        (2): ReLU()
        (3): Linear(in_features=72, out_features=72, bias=True)
      )
      (phi_x): Sequential(
        (0): Linear(in_features=72, out_features=72, bias=True)
        (1): ReLU()
        (2): Linear(in_features=72, out_features=1, bias=False)
      )
      (phi_m): Sequential(
        (0): Linear(in_features=72, out_features=1, bias=True)
        (1): Sigmoid()
      )
    )
    (5): LGEB(
      (phi_e): Sequential(
        (0): Linear(in_features=146, out_features=72, bias=False)
        (1): BatchNorm1d(72, eps=1e-05, momentum=0.1, affine=True, track_running_stats=True)
        (2): ReLU()
        (3): Linear(in_features=72, out_features=72, bias=True)
        (4): ReLU()
      )
      (phi_h): Sequential(
        (0): Linear(in_features=151, out_features=72, bias=True)
        (1): BatchNorm1d(72, eps=1e-05, momentum=0.1, affine=True, track_running_stats=True)
        (2): ReLU()
        (3): Linear(in_features=72, out_features=72, bias=True)
      )
      (phi_m): Sequential(
        (0): Linear(in_features=72, out_features=1, bias=True)
        (1): Sigmoid()
      )
    )
  )
  (graph_dec): Sequential(
    (0): Linear(in_features=72, out_features=72, bias=True)
    (1): ReLU()
    (2): Dropout(p=0.2, inplace=False)
    (3): Linear(in_features=72, out_features=16, bias=True)
  )
)
#trainable parameters = 227614
Training for 100 epochs.
#batches(train) = 3
Starting training...
 current time: 2024-05-09 12:00:40.181704
Processing epoch #0
 current time: 2024-05-09 12:00:40.188239
::::: TRAIN LOOP :::::
Training model
Finished training model
Error executing job with overrides: []
Traceback (most recent call last):
  File "/home/norman/ml-tau-en-reg/enreg/scripts/trainLorentzNet.py", line 456, in trainLorentzNet
    train_loop(
  File "/home/norman/ml-tau-en-reg/enreg/scripts/trainLorentzNet.py", line 105, in train_loop
    pred = model(x, v, mask).to(device=dev)
NameError: name 'v' is not defined

Set the environment variable HYDRA_FULL_ERROR=1 for a complete stack trace.
